<?xml version="1.0" encoding="UTF-8"?>
<!-- Generated by org.testng.reporters.JUnitXMLReporter -->
<testsuite hostname="DESKTOP-B77COOV" ignored="0" name="Test" tests="6" failures="0" timestamp="2020-04-10T02:14:46 IST" time="157.769" errors="0">
  <testcase name="longPress" time="25.728" classname="appiumtest.gesturesOne"/>
  <testcase name="openBrowser" time="24.55" classname="appiumtest.browserTest"/>
  <testcase name="dialPad" time="31.641" classname="appiumtest.DialANumber"/>
  <testcase name="swipe" time="28.531" classname="appiumtest.swipeDemo"/>
  <testcase name="gesture" time="25.431" classname="appiumtest.apiDemoGesture"/>
  <testcase name="scrolling" time="21.803" classname="appiumtest.scrollingDemo"/>
</testsuite> <!-- Test -->
