<?xml version="1.0" encoding="UTF-8"?>
<!-- Generated by org.testng.reporters.JUnitXMLReporter -->
<testsuite hostname="DESKTOP-B77COOV" ignored="0" name="Test" tests="6" failures="0" timestamp="2020-04-11T23:20:42 IST" time="162.329" errors="0">
  <testcase name="longPress" time="25.978" classname="appiumtest.gesturesOne"/>
  <testcase name="openBrowser" time="24.519" classname="appiumtest.browserTest"/>
  <testcase name="dialPad" time="32.471" classname="appiumtest.DialANumber"/>
  <testcase name="swipe" time="27.276" classname="appiumtest.swipeDemo"/>
  <testcase name="gesture" time="27.89" classname="appiumtest.apiDemoGesture"/>
  <testcase name="scrolling" time="24.102" classname="appiumtest.scrollingDemo"/>
</testsuite> <!-- Test -->
