<?xml version="1.0" encoding="UTF-8"?>
<testsuite xmlns:xsi="http://www.w3.org/2001/XMLSchema-instance" xsi:noNamespaceSchemaLocation="https://maven.apache.org/surefire/maven-surefire-plugin/xsd/surefire-test-report-3.0.xsd" version="3.0" name="TestSuite" time="163.883" tests="6" errors="0" skipped="0" failures="0">
  <properties>
[...]
</properties>
  <testcase name="longPress" classname="appiumtest.gesturesOne" time="26"/>
  <testcase name="openBrowser" classname="appiumtest.browserTest" time="24.506"/>
  <testcase name="dialPad" classname="appiumtest.DialANumber" time="32.471"/>
  <testcase name="swipe" classname="appiumtest.swipeDemo" time="27.277"/>
  <testcase name="gesture" classname="appiumtest.apiDemoGesture" time="27.89"/>
  <testcase name="scrolling" classname="appiumtest.scrollingDemo" time="24.102"/>
</testsuite>